<?xml version="1.0" encoding="UTF-8"?>
<testsuite name="ErrorHandlingTest" tests="1" skipped="0" failures="0" errors="0" timestamp="2024-04-20T18:49:21" hostname="MSI" time="0.081">
  <properties/>
  <testcase name="testReturnOptionalInstance()" classname="ErrorHandlingTest" time="0.081"/>
  <system-out><![CDATA[]]></system-out>
  <system-err><![CDATA[]]></system-err>
</testsuite>
