<?xml version="1.0" encoding="UTF-8"?>
<testsuite name="ResistorColorTest" tests="4" skipped="0" failures="0" errors="0" timestamp="2024-05-02T12:21:16" hostname="MSI" time="0.125">
  <properties/>
  <testcase name="testWhiteColorCode()" classname="ResistorColorTest" time="0.099"/>
  <testcase name="testColors()" classname="ResistorColorTest" time="0.019"/>
  <testcase name="testBlackColorCode()" classname="ResistorColorTest" time="0.001"/>
  <testcase name="testOrangeColorCode()" classname="ResistorColorTest" time="0.001"/>
  <system-out><![CDATA[]]></system-out>
  <system-err><![CDATA[]]></system-err>
</testsuite>
